Traceback (most recent call last):
  File "C:\Users\diego\AppData\Local\Programs\Python\Python311\Lib\site-packages\urllib3\connection.py", line 204, in _new_conn
    sock = connection.create_connection(
           ^^^^^^^^^^^^^^^^^^^^^^^^^^^^^
  File "C:\Users\diego\AppData\Local\Programs\Python\Python311\Lib\site-packages\urllib3\util\connection.py", line 85, in create_connection
    raise err
  File "C:\Users\diego\AppData\Local\Programs\Python\Python311\Lib\site-packages\urllib3\util\connection.py", line 73, in create_connection
    sock.connect(sa)
ConnectionRefusedError: [WinError 10061] No connection could be made because the target machine actively refused it

The above exception was the direct cause of the following exception:

Traceback (most recent call last):
  File "C:\Users\diego\AppData\Local\Programs\Python\Python311\Lib\site-packages\urllib3\connectionpool.py", line 788, in urlopen
    response = self._make_request(
               ^^^^^^^^^^^^^^^^^^^
  File "C:\Users\diego\AppData\Local\Programs\Python\Python311\Lib\site-packages\urllib3\connectionpool.py", line 493, in _make_request
    conn.request(
  File "C:\Users\diego\AppData\Local\Programs\Python\Python311\Lib\site-packages\urllib3\connection.py", line 500, in request
    self.endheaders()
  File "C:\Users\diego\AppData\Local\Programs\Python\Python311\Lib\http\client.py", line 1293, in endheaders
    self._send_output(message_body, encode_chunked=encode_chunked)
  File "C:\Users\diego\AppData\Local\Programs\Python\Python311\Lib\http\client.py", line 1052, in _send_output
    self.send(msg)
  File "C:\Users\diego\AppData\Local\Programs\Python\Python311\Lib\http\client.py", line 990, in send
    self.connect()
  File "C:\Users\diego\AppData\Local\Programs\Python\Python311\Lib\site-packages\urllib3\connection.py", line 331, in connect
    self.sock = self._new_conn()
                ^^^^^^^^^^^^^^^^
  File "C:\Users\diego\AppData\Local\Programs\Python\Python311\Lib\site-packages\urllib3\connection.py", line 219, in _new_conn
    raise NewConnectionError(
urllib3.exceptions.NewConnectionError: HTTPConnection(host='localhost', port=8000): Failed to establish a new connection: [WinError 10061] No connection could be made because the target machine actively refused it

The above exception was the direct cause of the following exception:

Traceback (most recent call last):
  File "C:\Users\diego\AppData\Local\Programs\Python\Python311\Lib\site-packages\requests\adapters.py", line 696, in send
    resp = conn.urlopen(
           ^^^^^^^^^^^^^
  File "C:\Users\diego\AppData\Local\Programs\Python\Python311\Lib\site-packages\urllib3\connectionpool.py", line 842, in urlopen
    retries = retries.increment(
              ^^^^^^^^^^^^^^^^^^
  File "C:\Users\diego\AppData\Local\Programs\Python\Python311\Lib\site-packages\urllib3\util\retry.py", line 543, in increment
    raise MaxRetryError(_pool, url, reason) from reason  # type: ignore[arg-type]
    ^^^^^^^^^^^^^^^^^^^^^^^^^^^^^^^^^^^^^^^^^^^^^^^^^^^
urllib3.exceptions.MaxRetryError: HTTPConnectionPool(host='localhost', port=8000): Max retries exceeded with url: /verify (Caused by NewConnectionError("HTTPConnection(host='localhost', port=8000): Failed to establish a new connection: [WinError 10061] No connection could be made because the target machine actively refused it"))

During handling of the above exception, another exception occurred:

Traceback (most recent call last):
  File "D:\deepLearning\RutaCamba\ui\app.py", line 149, in verify_fn
    resp = _call_verify(name, selfie_path)
           ^^^^^^^^^^^^^^^^^^^^^^^^^^^^^^^
  File "D:\deepLearning\RutaCamba\ui\app.py", line 112, in _call_verify
    return requests.post(
           ^^^^^^^^^^^^^^
  File "C:\Users\diego\AppData\Local\Programs\Python\Python311\Lib\site-packages\requests\api.py", line 134, in post
    return request("post", url, data=data, json=json, **kwargs)
           ^^^^^^^^^^^^^^^^^^^^^^^^^^^^^^^^^^^^^^^^^^^^^^^^^^^^
  File "C:\Users\diego\AppData\Local\Programs\Python\Python311\Lib\site-packages\requests\api.py", line 71, in request
    return session.request(method=method, url=url, **kwargs)
           ^^^^^^^^^^^^^^^^^^^^^^^^^^^^^^^^^^^^^^^^^^^^^^^^^
  File "C:\Users\diego\AppData\Local\Programs\Python\Python311\Lib\site-packages\requests\sessions.py", line 651, in request
    resp = self.send(prep, **send_kwargs)
           ^^^^^^^^^^^^^^^^^^^^^^^^^^^^^^
  File "C:\Users\diego\AppData\Local\Programs\Python\Python311\Lib\site-packages\requests\sessions.py", line 784, in send
    r = adapter.send(request, **kwargs)
        ^^^^^^^^^^^^^^^^^^^^^^^^^^^^^^^
  File "C:\Users\diego\AppData\Local\Programs\Python\Python311\Lib\site-packages\requests\adapters.py", line 729, in send
    raise ConnectionError(e, request=request)
requests.exceptions.ConnectionError: HTTPConnectionPool(host='localhost', port=8000): Max retries exceeded with url: /verify (Caused by NewConnectionError("HTTPConnection(host='localhost', port=8000): Failed to establish a new connection: [WinError 10061] No connection could be made because the target machine actively refused it"))

During handling of the above exception, another exception occurred:

Traceback (most recent call last):
  File "C:\Users\diego\AppData\Local\Programs\Python\Python311\Lib\site-packages\gradio\queueing.py", line 867, in process_events
    response = await route_utils.call_process_api(
               ^^^^^^^^^^^^^^^^^^^^^^^^^^^^^^^^^^^
  File "C:\Users\diego\AppData\Local\Programs\Python\Python311\Lib\site-packages\gradio\route_utils.py", line 386, in call_process_api
    output = await app.get_blocks().process_api(
             ^^^^^^^^^^^^^^^^^^^^^^^^^^^^^^^^^^^
  File "C:\Users\diego\AppData\Local\Programs\Python\Python311\Lib\site-packages\gradio\blocks.py", line 2195, in process_api
    result = await self.call_function(
             ^^^^^^^^^^^^^^^^^^^^^^^^^
  File "C:\Users\diego\AppData\Local\Programs\Python\Python311\Lib\site-packages\gradio\blocks.py", line 1652, in call_function
    prediction = await anyio.to_thread.run_sync(  # type: ignore
                 ^^^^^^^^^^^^^^^^^^^^^^^^^^^^^^^^^^^^^^^^^^^^^^^
  File "C:\Users\diego\AppData\Local\Programs\Python\Python311\Lib\site-packages\anyio\to_thread.py", line 63, in run_sync
    return await get_async_backend().run_sync_in_worker_thread(
           ^^^^^^^^^^^^^^^^^^^^^^^^^^^^^^^^^^^^^^^^^^^^^^^^^^^^
  File "C:\Users\diego\AppData\Local\Programs\Python\Python311\Lib\site-packages\anyio\_backends\_asyncio.py", line 2518, in run_sync_in_worker_thread
    return await future
           ^^^^^^^^^^^^
  File "C:\Users\diego\AppData\Local\Programs\Python\Python311\Lib\site-packages\anyio\_backends\_asyncio.py", line 1002, in run
    result = context.run(func, *args)
             ^^^^^^^^^^^^^^^^^^^^^^^^
  File "C:\Users\diego\AppData\Local\Programs\Python\Python311\Lib\site-packages\gradio\utils.py", line 1061, in wrapper
    response = f(*args, **kwargs)
               ^^^^^^^^^^^^^^^^^^
  File "D:\deepLearning\RutaCamba\ui\app.py", line 152, in verify_fn
    return _err("\U0001f534 Sin conexión a la API. żEstá corriendo el servidor?")
           ^^^^^^^^^^^^^^^^^^^^^^^^^^^^^^^^^^^^^^^^^^^^^^^^^^^^^^^^^^^^^^
  File "D:\deepLearning\RutaCamba\ui\app.py", line 138, in _err
    print(f"[verify_fn] ERROR en {_time.time()-_t0:.2f}s: {msg}")
  File "C:\Users\diego\AppData\Local\Programs\Python\Python311\Lib\encodings\cp1252.py", line 19, in encode
    return codecs.charmap_encode(input,self.errors,encoding_table)[0]
           ^^^^^^^^^^^^^^^^^^^^^^^^^^^^^^^^^^^^^^^^^^^^^^^^^^^^^^^
UnicodeEncodeError: 'charmap' codec can't encode character '\U0001f534' in position 28: character maps to <undefined>
Traceback (most recent call last):
  File "C:\Users\diego\AppData\Local\Programs\Python\Python311\Lib\site-packages\urllib3\connection.py", line 204, in _new_conn
    sock = connection.create_connection(
           ^^^^^^^^^^^^^^^^^^^^^^^^^^^^^
  File "C:\Users\diego\AppData\Local\Programs\Python\Python311\Lib\site-packages\urllib3\util\connection.py", line 85, in create_connection
    raise err
  File "C:\Users\diego\AppData\Local\Programs\Python\Python311\Lib\site-packages\urllib3\util\connection.py", line 73, in create_connection
    sock.connect(sa)
ConnectionRefusedError: [WinError 10061] No connection could be made because the target machine actively refused it

The above exception was the direct cause of the following exception:

Traceback (most recent call last):
  File "C:\Users\diego\AppData\Local\Programs\Python\Python311\Lib\site-packages\urllib3\connectionpool.py", line 788, in urlopen
    response = self._make_request(
               ^^^^^^^^^^^^^^^^^^^
  File "C:\Users\diego\AppData\Local\Programs\Python\Python311\Lib\site-packages\urllib3\connectionpool.py", line 493, in _make_request
    conn.request(
  File "C:\Users\diego\AppData\Local\Programs\Python\Python311\Lib\site-packages\urllib3\connection.py", line 500, in request
    self.endheaders()
  File "C:\Users\diego\AppData\Local\Programs\Python\Python311\Lib\http\client.py", line 1293, in endheaders
    self._send_output(message_body, encode_chunked=encode_chunked)
  File "C:\Users\diego\AppData\Local\Programs\Python\Python311\Lib\http\client.py", line 1052, in _send_output
    self.send(msg)
  File "C:\Users\diego\AppData\Local\Programs\Python\Python311\Lib\http\client.py", line 990, in send
    self.connect()
  File "C:\Users\diego\AppData\Local\Programs\Python\Python311\Lib\site-packages\urllib3\connection.py", line 331, in connect
    self.sock = self._new_conn()
                ^^^^^^^^^^^^^^^^
  File "C:\Users\diego\AppData\Local\Programs\Python\Python311\Lib\site-packages\urllib3\connection.py", line 219, in _new_conn
    raise NewConnectionError(
urllib3.exceptions.NewConnectionError: HTTPConnection(host='localhost', port=8000): Failed to establish a new connection: [WinError 10061] No connection could be made because the target machine actively refused it

The above exception was the direct cause of the following exception:

Traceback (most recent call last):
  File "C:\Users\diego\AppData\Local\Programs\Python\Python311\Lib\site-packages\requests\adapters.py", line 696, in send
    resp = conn.urlopen(
           ^^^^^^^^^^^^^
  File "C:\Users\diego\AppData\Local\Programs\Python\Python311\Lib\site-packages\urllib3\connectionpool.py", line 842, in urlopen
    retries = retries.increment(
              ^^^^^^^^^^^^^^^^^^
  File "C:\Users\diego\AppData\Local\Programs\Python\Python311\Lib\site-packages\urllib3\util\retry.py", line 543, in increment
    raise MaxRetryError(_pool, url, reason) from reason  # type: ignore[arg-type]
    ^^^^^^^^^^^^^^^^^^^^^^^^^^^^^^^^^^^^^^^^^^^^^^^^^^^
urllib3.exceptions.MaxRetryError: HTTPConnectionPool(host='localhost', port=8000): Max retries exceeded with url: /verify (Caused by NewConnectionError("HTTPConnection(host='localhost', port=8000): Failed to establish a new connection: [WinError 10061] No connection could be made because the target machine actively refused it"))

During handling of the above exception, another exception occurred:

Traceback (most recent call last):
  File "D:\deepLearning\RutaCamba\ui\app.py", line 149, in verify_fn
    resp = _call_verify(name, selfie_path)
           ^^^^^^^^^^^^^^^^^^^^^^^^^^^^^^^
  File "D:\deepLearning\RutaCamba\ui\app.py", line 112, in _call_verify
    return requests.post(
           ^^^^^^^^^^^^^^
  File "C:\Users\diego\AppData\Local\Programs\Python\Python311\Lib\site-packages\requests\api.py", line 134, in post
    return request("post", url, data=data, json=json, **kwargs)
           ^^^^^^^^^^^^^^^^^^^^^^^^^^^^^^^^^^^^^^^^^^^^^^^^^^^^
  File "C:\Users\diego\AppData\Local\Programs\Python\Python311\Lib\site-packages\requests\api.py", line 71, in request
    return session.request(method=method, url=url, **kwargs)
           ^^^^^^^^^^^^^^^^^^^^^^^^^^^^^^^^^^^^^^^^^^^^^^^^^
  File "C:\Users\diego\AppData\Local\Programs\Python\Python311\Lib\site-packages\requests\sessions.py", line 651, in request
    resp = self.send(prep, **send_kwargs)
           ^^^^^^^^^^^^^^^^^^^^^^^^^^^^^^
  File "C:\Users\diego\AppData\Local\Programs\Python\Python311\Lib\site-packages\requests\sessions.py", line 784, in send
    r = adapter.send(request, **kwargs)
        ^^^^^^^^^^^^^^^^^^^^^^^^^^^^^^^
  File "C:\Users\diego\AppData\Local\Programs\Python\Python311\Lib\site-packages\requests\adapters.py", line 729, in send
    raise ConnectionError(e, request=request)
requests.exceptions.ConnectionError: HTTPConnectionPool(host='localhost', port=8000): Max retries exceeded with url: /verify (Caused by NewConnectionError("HTTPConnection(host='localhost', port=8000): Failed to establish a new connection: [WinError 10061] No connection could be made because the target machine actively refused it"))

During handling of the above exception, another exception occurred:

Traceback (most recent call last):
  File "C:\Users\diego\AppData\Local\Programs\Python\Python311\Lib\site-packages\gradio\queueing.py", line 867, in process_events
    response = await route_utils.call_process_api(
               ^^^^^^^^^^^^^^^^^^^^^^^^^^^^^^^^^^^
  File "C:\Users\diego\AppData\Local\Programs\Python\Python311\Lib\site-packages\gradio\route_utils.py", line 386, in call_process_api
    output = await app.get_blocks().process_api(
             ^^^^^^^^^^^^^^^^^^^^^^^^^^^^^^^^^^^
  File "C:\Users\diego\AppData\Local\Programs\Python\Python311\Lib\site-packages\gradio\blocks.py", line 2195, in process_api
    result = await self.call_function(
             ^^^^^^^^^^^^^^^^^^^^^^^^^
  File "C:\Users\diego\AppData\Local\Programs\Python\Python311\Lib\site-packages\gradio\blocks.py", line 1652, in call_function
    prediction = await anyio.to_thread.run_sync(  # type: ignore
                 ^^^^^^^^^^^^^^^^^^^^^^^^^^^^^^^^^^^^^^^^^^^^^^^
  File "C:\Users\diego\AppData\Local\Programs\Python\Python311\Lib\site-packages\anyio\to_thread.py", line 63, in run_sync
    return await get_async_backend().run_sync_in_worker_thread(
           ^^^^^^^^^^^^^^^^^^^^^^^^^^^^^^^^^^^^^^^^^^^^^^^^^^^^
  File "C:\Users\diego\AppData\Local\Programs\Python\Python311\Lib\site-packages\anyio\_backends\_asyncio.py", line 2518, in run_sync_in_worker_thread
    return await future
           ^^^^^^^^^^^^
  File "C:\Users\diego\AppData\Local\Programs\Python\Python311\Lib\site-packages\anyio\_backends\_asyncio.py", line 1002, in run
    result = context.run(func, *args)
             ^^^^^^^^^^^^^^^^^^^^^^^^
  File "C:\Users\diego\AppData\Local\Programs\Python\Python311\Lib\site-packages\gradio\utils.py", line 1061, in wrapper
    response = f(*args, **kwargs)
               ^^^^^^^^^^^^^^^^^^
  File "D:\deepLearning\RutaCamba\ui\app.py", line 152, in verify_fn
    return _err("\U0001f534 Sin conexión a la API. żEstá corriendo el servidor?")
           ^^^^^^^^^^^^^^^^^^^^^^^^^^^^^^^^^^^^^^^^^^^^^^^^^^^^^^^^^^^^^^
  File "D:\deepLearning\RutaCamba\ui\app.py", line 138, in _err
    print(f"[verify_fn] ERROR en {_time.time()-_t0:.2f}s: {msg}")
  File "C:\Users\diego\AppData\Local\Programs\Python\Python311\Lib\encodings\cp1252.py", line 19, in encode
    return codecs.charmap_encode(input,self.errors,encoding_table)[0]
           ^^^^^^^^^^^^^^^^^^^^^^^^^^^^^^^^^^^^^^^^^^^^^^^^^^^^^^^
UnicodeEncodeError: 'charmap' codec can't encode character '\U0001f534' in position 28: character maps to <undefined>
